1607885929354	geckodriver	INFO	Listening on 127.0.0.1:56003
1607885930348	mozrunner::runner	INFO	Running command: "/usr/bin/firefox" "--marionette" "-foreground" "-no-remote" "-profile" "/tmp/rust_mozprofileqzojP5"
console.warn: SearchSettings: "get: No settings file exists, new profile?" (new Error("", "(unknown module)"))
1607885932773	Marionette	INFO	Listening on port 39701
1607885932881	Marionette	WARN	TLS certificate errors will be ignored for this session
1607885980842	Marionette	INFO	Stopped listening on port 39701
1607886049687	geckodriver	INFO	Listening on 127.0.0.1:35349
1607886049691	mozrunner::runner	INFO	Running command: "/usr/bin/firefox" "--marionette" "-foreground" "-no-remote" "-profile" "/tmp/rust_mozprofile7AlEux"
console.warn: SearchSettings: "get: No settings file exists, new profile?" (new Error("", "(unknown module)"))
1607886051807	Marionette	INFO	Listening on port 35407
1607886051922	Marionette	WARN	TLS certificate errors will be ignored for this session
1607886065074	Marionette	INFO	Stopped listening on port 35407
1607886100150	geckodriver	INFO	Listening on 127.0.0.1:49145
1607886100154	mozrunner::runner	INFO	Running command: "/usr/bin/firefox" "--marionette" "-foreground" "-no-remote" "-profile" "/tmp/rust_mozprofilevWed6N"
console.warn: SearchSettings: "get: No settings file exists, new profile?" (new Error("", "(unknown module)"))
1607886102238	Marionette	INFO	Listening on port 41565
1607886102281	Marionette	WARN	TLS certificate errors will be ignored for this session
1607886142531	Marionette	INFO	Stopped listening on port 41565
1607886371708	geckodriver	INFO	Listening on 127.0.0.1:55747
1607886371711	mozrunner::runner	INFO	Running command: "/usr/bin/firefox" "--marionette" "headless" "-foreground" "-no-remote" "-profile" "/tmp/rust_mozprofileNhZlki"
console.warn: SearchSettings: "get: No settings file exists, new profile?" (new Error("", "(unknown module)"))
1607886373896	Marionette	INFO	Listening on port 41847
1607886373952	Marionette	WARN	TLS certificate errors will be ignored for this session
1607886413445	Marionette	INFO	Stopped listening on port 41847
1607886469463	geckodriver	INFO	Listening on 127.0.0.1:49779
1607886469468	mozrunner::runner	INFO	Running command: "/usr/bin/firefox" "--marionette" "headless" "-foreground" "-no-remote" "-profile" "/tmp/rust_mozprofilefEQYVH"
console.warn: SearchSettings: "get: No settings file exists, new profile?" (new Error("", "(unknown module)"))
1607886471582	Marionette	INFO	Listening on port 38185
1607886471702	Marionette	WARN	TLS certificate errors will be ignored for this session
JavaScript error: https://tpc.googlesyndication.com/sadbundle/$csp%3Der3$/10649825753843407353/index_970x90_google.js, line 1839: ReferenceError: TimelineMax is not defined
1607886651387	geckodriver	INFO	Listening on 127.0.0.1:46449
1607886651390	mozrunner::runner	INFO	Running command: "/usr/bin/firefox" "--marionette" "headless" "-foreground" "-no-remote" "-profile" "/tmp/rust_mozprofilej7BjbC"
console.warn: SearchSettings: "get: No settings file exists, new profile?" (new Error("", "(unknown module)"))
1607886653641	Marionette	INFO	Listening on port 45307
1607886653735	Marionette	WARN	TLS certificate errors will be ignored for this session
1607886662814	Marionette	INFO	Stopped listening on port 45307
1607887048201	geckodriver	INFO	Listening on 127.0.0.1:41101
1607887048205	mozrunner::runner	INFO	Running command: "/usr/bin/firefox" "--marionette" "--headless" "-foreground" "-no-remote" "-profile" "/tmp/rust_mozprofileyBE2gk"
*** You are running in headless mode.
console.warn: SearchSettings: "get: No settings file exists, new profile?" (new Error("", "(unknown module)"))
1607887050133	Marionette	INFO	Listening on port 46007
1607887050244	Marionette	WARN	TLS certificate errors will be ignored for this session
JavaScript warning: https://mc.yandex.ru/metrika/watch.js, line 95: WebGL warning: <Create>: Can't use WebGL in headless mode (https://bugzil.la/1375585).
JavaScript warning: https://mc.yandex.ru/metrika/watch.js, line 95: Failed to create WebGL context: WebGL creation failed: 
* Can't use WebGL in headless mode (https://bugzil.la/1375585).
JavaScript warning: https://mc.yandex.ru/metrika/watch.js, line 95: WebGL warning: <Create>: Can't use WebGL in headless mode (https://bugzil.la/1375585).
JavaScript warning: https://mc.yandex.ru/metrika/watch.js, line 95: Failed to create WebGL context: WebGL creation failed: 
* Can't use WebGL in headless mode (https://bugzil.la/1375585).
JavaScript warning: https://pagead2.googlesyndication.com/bg/PbZvCEkorD5rxjWOexle1_regFmuc5-vrUA2zacPm4s.js line 1 > eval line 5270 > eval line 1 > eval, line 1: WebGL warning: <Create>: Can't use WebGL in headless mode (https://bugzil.la/1375585).
JavaScript warning: https://pagead2.googlesyndication.com/bg/PbZvCEkorD5rxjWOexle1_regFmuc5-vrUA2zacPm4s.js line 1 > eval line 5270 > eval line 1 > eval, line 1: Failed to create WebGL context: WebGL creation failed: 
* Can't use WebGL in headless mode (https://bugzil.la/1375585).
IPDL protocol error: Handler returned error code!

###!!! [Parent][DispatchAsyncMessage] Error: PLayerTransaction::Msg_ReleaseLayer Processing error: message was deserialized, but the handler returned false (indicating failure)

1607887154839	Marionette	INFO	Stopped listening on port 38185
1607887278644	geckodriver	INFO	Listening on 127.0.0.1:42721
1607887279628	mozrunner::runner	INFO	Running command: "/usr/bin/firefox" "--marionette" "--headless" "-foreground" "-no-remote" "-profile" "/tmp/rust_mozprofileIb4dWw"
*** You are running in headless mode.
console.warn: SearchSettings: "get: No settings file exists, new profile?" (new Error("", "(unknown module)"))
1607887281909	Marionette	INFO	Listening on port 38717
1607887281968	Marionette	WARN	TLS certificate errors will be ignored for this session
JavaScript warning: https://mc.yandex.ru/metrika/tag.js, line 404: WebGL warning: <Create>: Can't use WebGL in headless mode (https://bugzil.la/1375585).
JavaScript warning: https://mc.yandex.ru/metrika/tag.js, line 404: Failed to create WebGL context: WebGL creation failed: 
* Can't use WebGL in headless mode (https://bugzil.la/1375585).
JavaScript warning: https://pagead2.googlesyndication.com/bg/UBVKjIgL52oAupqoau5bmS4QFq3D8gEqQe5TpWWG23I.js line 1 > eval line 6637 > eval, line 1: WebGL warning: <Create>: Can't use WebGL in headless mode (https://bugzil.la/1375585).
JavaScript warning: https://pagead2.googlesyndication.com/bg/UBVKjIgL52oAupqoau5bmS4QFq3D8gEqQe5TpWWG23I.js line 1 > eval line 6637 > eval, line 1: Failed to create WebGL context: WebGL creation failed: 
* Can't use WebGL in headless mode (https://bugzil.la/1375585).
1607887448918	geckodriver	INFO	Listening on 127.0.0.1:58291
1607887449904	mozrunner::runner	INFO	Running command: "/usr/bin/firefox" "--marionette" "--headless" "-foreground" "-no-remote" "-profile" "/tmp/rust_mozprofileod4DSS"
*** You are running in headless mode.
console.warn: SearchSettings: "get: No settings file exists, new profile?" (new Error("", "(unknown module)"))
1607887452732	Marionette	INFO	Listening on port 34675
1607887452839	Marionette	WARN	TLS certificate errors will be ignored for this session
Exiting due to channel error.
Exiting due to channel error.
Exiting due to channel error.
1607887459225	geckodriver	INFO	Listening on 127.0.0.1:57043
1607887459229	mozrunner::runner	INFO	Running command: "/usr/bin/firefox" "--marionette" "--headless" "-foreground" "-no-remote" "-profile" "/tmp/rust_mozprofileMHK9xR"
*** You are running in headless mode.
console.warn: SearchSettings: "get: No settings file exists, new profile?" (new Error("", "(unknown module)"))
1607887461715	Marionette	INFO	Listening on port 43865
1607887461771	Marionette	WARN	TLS certificate errors will be ignored for this session
JavaScript warning: https://mc.yandex.ru/metrika/tag.js, line 404: WebGL warning: <Create>: Can't use WebGL in headless mode (https://bugzil.la/1375585).
JavaScript warning: https://mc.yandex.ru/metrika/tag.js, line 404: Failed to create WebGL context: WebGL creation failed: 
* Can't use WebGL in headless mode (https://bugzil.la/1375585).
JavaScript error: https://cdn.ampproject.org/rtv/012010270040000/amp4ads-v0.mjs, line 1: Error: Failed to load: https://tpc.googlesyndication.com/pagead/images/abg/icon.png​​​
JavaScript error: https://cdn.ampproject.org/rtv/012010270040000/amp4ads-v0.mjs, line 1: Error: Failed to load: https://tpc.googlesyndication.com/pagead/images/abg/ru.png​​​
JavaScript warning: https://pagead2.googlesyndication.com/bg/UBVKjIgL52oAupqoau5bmS4QFq3D8gEqQe5TpWWG23I.js line 1 > eval line 455 > eval, line 1: WebGL warning: <Create>: Can't use WebGL in headless mode (https://bugzil.la/1375585).
JavaScript warning: https://pagead2.googlesyndication.com/bg/UBVKjIgL52oAupqoau5bmS4QFq3D8gEqQe5TpWWG23I.js line 1 > eval line 455 > eval, line 1: Failed to create WebGL context: WebGL creation failed: 
* Can't use WebGL in headless mode (https://bugzil.la/1375585).
1607887546829	geckodriver	INFO	Listening on 127.0.0.1:39229
1607887547824	mozrunner::runner	INFO	Running command: "/usr/bin/firefox" "--marionette" "--headless" "-foreground" "-no-remote" "-profile" "/tmp/rust_mozprofileBlloQv"
*** You are running in headless mode.
console.warn: SearchSettings: "get: No settings file exists, new profile?" (new Error("", "(unknown module)"))
1607887551614	Marionette	INFO	Listening on port 46193
1607887551726	Marionette	WARN	TLS certificate errors will be ignored for this session
JavaScript warning: https://mc.yandex.ru/metrika/tag.js, line 404: WebGL warning: <Create>: Can't use WebGL in headless mode (https://bugzil.la/1375585).
JavaScript warning: https://mc.yandex.ru/metrika/tag.js, line 404: Failed to create WebGL context: WebGL creation failed: 
* Can't use WebGL in headless mode (https://bugzil.la/1375585).
Exiting due to channel error.
Exiting due to channel error.
Exiting due to channel error.
1607887704672	geckodriver	INFO	Listening on 127.0.0.1:56505
1607887705663	mozrunner::runner	INFO	Running command: "/usr/bin/firefox" "--marionette" "--headless" "-foreground" "-no-remote" "-profile" "/tmp/rust_mozprofileqnmlAW"
*** You are running in headless mode.
console.warn: SearchSettings: "get: No settings file exists, new profile?" (new Error("", "(unknown module)"))
1607887708991	Marionette	INFO	Listening on port 34957
1607887709159	Marionette	WARN	TLS certificate errors will be ignored for this session
JavaScript warning: https://mc.yandex.ru/metrika/tag.js, line 404: WebGL warning: <Create>: Can't use WebGL in headless mode (https://bugzil.la/1375585).
JavaScript warning: https://mc.yandex.ru/metrika/tag.js, line 404: Failed to create WebGL context: WebGL creation failed: 
* Can't use WebGL in headless mode (https://bugzil.la/1375585).
JavaScript warning: https://pagead2.googlesyndication.com/bg/PbZvCEkorD5rxjWOexle1_regFmuc5-vrUA2zacPm4s.js line 1 > eval line 7805 > eval, line 1: WebGL warning: <Create>: Can't use WebGL in headless mode (https://bugzil.la/1375585).
JavaScript warning: https://pagead2.googlesyndication.com/bg/PbZvCEkorD5rxjWOexle1_regFmuc5-vrUA2zacPm4s.js line 1 > eval line 7805 > eval, line 1: Failed to create WebGL context: WebGL creation failed: 
* Can't use WebGL in headless mode (https://bugzil.la/1375585).
1607887754642	geckodriver	INFO	Listening on 127.0.0.1:34067
1607887754647	mozrunner::runner	INFO	Running command: "/usr/bin/firefox" "--marionette" "--headless" "-foreground" "-no-remote" "-profile" "/tmp/rust_mozprofilewXMcLK"
*** You are running in headless mode.
console.warn: SearchSettings: "get: No settings file exists, new profile?" (new Error("", "(unknown module)"))
1607887757253	Marionette	INFO	Listening on port 46437
1607887757380	Marionette	WARN	TLS certificate errors will be ignored for this session
JavaScript warning: https://mc.yandex.ru/metrika/tag.js, line 404: WebGL warning: <Create>: Can't use WebGL in headless mode (https://bugzil.la/1375585).
JavaScript warning: https://mc.yandex.ru/metrika/tag.js, line 404: Failed to create WebGL context: WebGL creation failed: 
* Can't use WebGL in headless mode (https://bugzil.la/1375585).
JavaScript warning: https://pagead2.googlesyndication.com/bg/PbZvCEkorD5rxjWOexle1_regFmuc5-vrUA2zacPm4s.js line 1 > eval line 7409 > eval, line 1: WebGL warning: <Create>: Can't use WebGL in headless mode (https://bugzil.la/1375585).
JavaScript warning: https://pagead2.googlesyndication.com/bg/PbZvCEkorD5rxjWOexle1_regFmuc5-vrUA2zacPm4s.js line 1 > eval line 7409 > eval, line 1: Failed to create WebGL context: WebGL creation failed: 
* Can't use WebGL in headless mode (https://bugzil.la/1375585).
1607887852874	geckodriver	INFO	Listening on 127.0.0.1:34365
1607887852879	mozrunner::runner	INFO	Running command: "/usr/bin/firefox" "--marionette" "--headless" "-foreground" "-no-remote" "-profile" "/tmp/rust_mozprofileJHA4lO"
*** You are running in headless mode.
console.warn: SearchSettings: "get: No settings file exists, new profile?" (new Error("", "(unknown module)"))
1607887855713	Marionette	INFO	Listening on port 34877
1607887855835	Marionette	WARN	TLS certificate errors will be ignored for this session
JavaScript warning: https://mc.yandex.ru/metrika/tag.js, line 404: WebGL warning: <Create>: Can't use WebGL in headless mode (https://bugzil.la/1375585).
JavaScript warning: https://mc.yandex.ru/metrika/tag.js, line 404: Failed to create WebGL context: WebGL creation failed: 
* Can't use WebGL in headless mode (https://bugzil.la/1375585).
JavaScript warning: https://pagead2.googlesyndication.com/bg/UBVKjIgL52oAupqoau5bmS4QFq3D8gEqQe5TpWWG23I.js line 1 > eval line 3524 > eval line 1 > eval, line 1: WebGL warning: <Create>: Can't use WebGL in headless mode (https://bugzil.la/1375585).
JavaScript warning: https://pagead2.googlesyndication.com/bg/UBVKjIgL52oAupqoau5bmS4QFq3D8gEqQe5TpWWG23I.js line 1 > eval line 3524 > eval line 1 > eval, line 1: Failed to create WebGL context: WebGL creation failed: 
* Can't use WebGL in headless mode (https://bugzil.la/1375585).
1607888860014	geckodriver	INFO	Listening on 127.0.0.1:33819
1607888861014	mozrunner::runner	INFO	Running command: "/usr/bin/firefox" "--marionette" "--headless" "-foreground" "-no-remote" "-profile" "/tmp/rust_mozprofileE5EcqU"
*** You are running in headless mode.
console.warn: SearchSettings: "get: No settings file exists, new profile?" (new Error("", "(unknown module)"))
1607888863122	Marionette	INFO	Listening on port 38287
1607888863264	Marionette	WARN	TLS certificate errors will be ignored for this session
JavaScript warning: https://mc.yandex.ru/metrika/tag.js, line 404: WebGL warning: <Create>: Can't use WebGL in headless mode (https://bugzil.la/1375585).
JavaScript warning: https://mc.yandex.ru/metrika/tag.js, line 404: Failed to create WebGL context: WebGL creation failed: 
* Can't use WebGL in headless mode (https://bugzil.la/1375585).
JavaScript warning: https://pagead2.googlesyndication.com/bg/PbZvCEkorD5rxjWOexle1_regFmuc5-vrUA2zacPm4s.js line 1 > eval line 1722 > eval, line 1: WebGL warning: <Create>: Can't use WebGL in headless mode (https://bugzil.la/1375585).
JavaScript warning: https://pagead2.googlesyndication.com/bg/PbZvCEkorD5rxjWOexle1_regFmuc5-vrUA2zacPm4s.js line 1 > eval line 1722 > eval, line 1: Failed to create WebGL context: WebGL creation failed: 
* Can't use WebGL in headless mode (https://bugzil.la/1375585).
1607888936167	geckodriver	INFO	Listening on 127.0.0.1:51513
1607888936171	mozrunner::runner	INFO	Running command: "/usr/bin/firefox" "--marionette" "--headless" "-foreground" "-no-remote" "-profile" "/tmp/rust_mozprofileeyDVNI"
*** You are running in headless mode.
console.warn: SearchSettings: "get: No settings file exists, new profile?" (new Error("", "(unknown module)"))
1607888938185	Marionette	INFO	Listening on port 46055
1607888938298	Marionette	WARN	TLS certificate errors will be ignored for this session
JavaScript warning: https://mc.yandex.ru/metrika/tag.js, line 404: WebGL warning: <Create>: Can't use WebGL in headless mode (https://bugzil.la/1375585).
JavaScript warning: https://mc.yandex.ru/metrika/tag.js, line 404: Failed to create WebGL context: WebGL creation failed: 
* Can't use WebGL in headless mode (https://bugzil.la/1375585).
JavaScript warning: https://pagead2.googlesyndication.com/bg/UBVKjIgL52oAupqoau5bmS4QFq3D8gEqQe5TpWWG23I.js line 1 > eval line 6448 > eval, line 1: WebGL warning: <Create>: Can't use WebGL in headless mode (https://bugzil.la/1375585).
JavaScript warning: https://pagead2.googlesyndication.com/bg/UBVKjIgL52oAupqoau5bmS4QFq3D8gEqQe5TpWWG23I.js line 1 > eval line 6448 > eval, line 1: Failed to create WebGL context: WebGL creation failed: 
* Can't use WebGL in headless mode (https://bugzil.la/1375585).
1607889058442	geckodriver	INFO	Listening on 127.0.0.1:41359
1607889058445	mozrunner::runner	INFO	Running command: "/usr/bin/firefox" "--marionette" "--headless" "-foreground" "-no-remote" "-profile" "/tmp/rust_mozprofileKH6YFG"
*** You are running in headless mode.
console.warn: SearchSettings: "get: No settings file exists, new profile?" (new Error("", "(unknown module)"))
1607889060536	Marionette	INFO	Listening on port 34811
1607889060612	Marionette	WARN	TLS certificate errors will be ignored for this session
JavaScript warning: https://mc.yandex.ru/metrika/tag.js, line 404: WebGL warning: <Create>: Can't use WebGL in headless mode (https://bugzil.la/1375585).
JavaScript warning: https://mc.yandex.ru/metrika/tag.js, line 404: Failed to create WebGL context: WebGL creation failed: 
* Can't use WebGL in headless mode (https://bugzil.la/1375585).
JavaScript warning: https://pagead2.googlesyndication.com/bg/PbZvCEkorD5rxjWOexle1_regFmuc5-vrUA2zacPm4s.js line 1 > eval line 6277 > eval, line 1: WebGL warning: <Create>: Can't use WebGL in headless mode (https://bugzil.la/1375585).
JavaScript warning: https://pagead2.googlesyndication.com/bg/PbZvCEkorD5rxjWOexle1_regFmuc5-vrUA2zacPm4s.js line 1 > eval line 6277 > eval, line 1: Failed to create WebGL context: WebGL creation failed: 
* Can't use WebGL in headless mode (https://bugzil.la/1375585).
1607890164373	geckodriver	INFO	Listening on 127.0.0.1:50637
1607890164388	mozrunner::runner	INFO	Running command: "/usr/bin/firefox" "--marionette" "-foreground" "-no-remote" "-profile" "/tmp/rust_mozprofileBqHvyG"
console.warn: SearchSettings: "get: No settings file exists, new profile?" (new Error("", "(unknown module)"))
1607890167329	Marionette	INFO	Listening on port 42215
1607890167424	Marionette	WARN	TLS certificate errors will be ignored for this session
1607890194488	Marionette	INFO	Stopped listening on port 42215
1607890222820	geckodriver	INFO	Listening on 127.0.0.1:53991
1607890222828	mozrunner::runner	INFO	Running command: "/usr/bin/firefox" "--marionette" "-foreground" "-no-remote" "-profile" "/tmp/rust_mozprofileQ5CZEn"
console.warn: SearchSettings: "get: No settings file exists, new profile?" (new Error("", "(unknown module)"))
1607890225592	Marionette	INFO	Listening on port 33853
1607890225669	Marionette	WARN	TLS certificate errors will be ignored for this session
1607890246343	Marionette	INFO	Stopped listening on port 33853
1607890253376	geckodriver	INFO	Listening on 127.0.0.1:39917
1607890253382	mozrunner::runner	INFO	Running command: "/usr/bin/firefox" "--marionette" "-foreground" "-no-remote" "-profile" "/tmp/rust_mozprofilemKhoJ5"
console.warn: SearchSettings: "get: No settings file exists, new profile?" (new Error("", "(unknown module)"))
1607890256231	Marionette	INFO	Listening on port 42113
1607890256315	Marionette	WARN	TLS certificate errors will be ignored for this session
1607890272028	Marionette	INFO	Stopped listening on port 42113
1607890335142	geckodriver	INFO	Listening on 127.0.0.1:40629
1607890335150	mozrunner::runner	INFO	Running command: "/usr/bin/firefox" "--marionette" "-foreground" "-no-remote" "-profile" "/tmp/rust_mozprofile0asp6e"
console.warn: SearchSettings: "get: No settings file exists, new profile?" (new Error("", "(unknown module)"))
1607890338110	Marionette	INFO	Listening on port 33487
1607890338193	Marionette	WARN	TLS certificate errors will be ignored for this session
1607890344364	Marionette	INFO	Stopped listening on port 33487
1607890355956	geckodriver	INFO	Listening on 127.0.0.1:40515
1607890355966	mozrunner::runner	INFO	Running command: "/usr/bin/firefox" "--marionette" "-foreground" "-no-remote" "-profile" "/tmp/rust_mozprofilewBHyQ8"
console.warn: SearchSettings: "get: No settings file exists, new profile?" (new Error("", "(unknown module)"))
1607890358652	Marionette	INFO	Listening on port 35421
1607890358699	Marionette	WARN	TLS certificate errors will be ignored for this session
1607890436865	geckodriver	INFO	Listening on 127.0.0.1:45983
1607890436873	mozrunner::runner	INFO	Running command: "/usr/bin/firefox" "--marionette" "-foreground" "-no-remote" "-profile" "/tmp/rust_mozprofilezNaPHq"
console.warn: SearchSettings: "get: No settings file exists, new profile?" (new Error("", "(unknown module)"))
1607890439556	Marionette	INFO	Listening on port 38525
1607890439642	Marionette	WARN	TLS certificate errors will be ignored for this session
1607890445581	Marionette	INFO	Stopped listening on port 38525
1607890515114	geckodriver	INFO	Listening on 127.0.0.1:54525
1607890515121	mozrunner::runner	INFO	Running command: "/usr/bin/firefox" "--marionette" "-foreground" "-no-remote" "-profile" "/tmp/rust_mozprofileFtq0QZ"
console.warn: SearchSettings: "get: No settings file exists, new profile?" (new Error("", "(unknown module)"))
1607890517969	Marionette	INFO	Listening on port 44137
1607890518059	Marionette	WARN	TLS certificate errors will be ignored for this session
1607890532169	Marionette	INFO	Stopped listening on port 44137
1607890565720	geckodriver	INFO	Listening on 127.0.0.1:58369
1607890565728	mozrunner::runner	INFO	Running command: "/usr/bin/firefox" "--marionette" "-foreground" "-no-remote" "-profile" "/tmp/rust_mozprofileQQlYAL"
console.warn: SearchSettings: "get: No settings file exists, new profile?" (new Error("", "(unknown module)"))
1607890568667	Marionette	INFO	Listening on port 33025
1607890568778	Marionette	WARN	TLS certificate errors will be ignored for this session
1607890578883	Marionette	INFO	Stopped listening on port 33025
1607890650482	geckodriver	INFO	Listening on 127.0.0.1:34091
1607890650488	mozrunner::runner	INFO	Running command: "/usr/bin/firefox" "--marionette" "-foreground" "-no-remote" "-profile" "/tmp/rust_mozprofileLczk18"
console.warn: SearchSettings: "get: No settings file exists, new profile?" (new Error("", "(unknown module)"))
1607890653424	Marionette	INFO	Listening on port 32977
1607890653527	Marionette	WARN	TLS certificate errors will be ignored for this session
JavaScript error: https://www.gstatic.com/_/freebird/_/js/k=freebird.v.be.Bb9Yrnw36rU.O/d=1/ct=zgms/rs=AMjVe6gtBePs_Cx7aa9C1Goynrc_NCujAg/m=viewer_base line 61 > eval, line 6: ReferenceError: chrome is not defined
IPDL protocol error: Handler returned error code!

###!!! [Parent][DispatchAsyncMessage] Error: PLayerTransaction::Msg_ReleaseLayer Processing error: message was deserialized, but the handler returned false (indicating failure)

IPDL protocol error: Handler returned error code!

###!!! [Parent][DispatchAsyncMessage] Error: PLayerTransaction::Msg_ReleaseLayer Processing error: message was deserialized, but the handler returned false (indicating failure)

JavaScript error: resource://devtools/shared/protocol/Front.js, line 101: Error: Connection closed, pending request to server0.conn0.child3/domnode54, type setNodeValue failed

Request stack:
request@resource://devtools/shared/protocol/Front.js:280:14
generateRequestMethods/</frontProto[name]@resource://devtools/shared/protocol/Front/FrontClassWithSpec.js:46:19
showTextEditor/done/</<@resource://devtools/client/inspector/markup/views/text-editor.js:101:25
do@resource://devtools/client/shared/undo.js:70:16
endBatch@resource://devtools/client/shared/undo.js:81:11
do@resource://devtools/client/shared/undo.js:94:10
showTextEditor/done/<@resource://devtools/client/inspector/markup/views/text-editor.js:99:31
process@resource://gre/modules/Promise-backend.js:961:38
walkerLoop@resource://gre/modules/Promise-backend.js:845:29
Promise*scheduleWalkerLoop@resource://gre/modules/Promise-backend.js:775:19
schedulePromise@resource://gre/modules/Promise-backend.js:809:12
completePromise@resource://gre/modules/Promise-backend.js:741:12

1607890703579	Marionette	INFO	Stopped listening on port 32977
1607890912236	geckodriver	INFO	Listening on 127.0.0.1:51625
1607890912243	mozrunner::runner	INFO	Running command: "/usr/bin/firefox" "--marionette" "-foreground" "-no-remote" "-profile" "/tmp/rust_mozprofileZMgNeB"
console.warn: SearchSettings: "get: No settings file exists, new profile?" (new Error("", "(unknown module)"))
1607890915233	Marionette	INFO	Listening on port 46687
1607890915284	Marionette	WARN	TLS certificate errors will be ignored for this session
JavaScript error: https://www.gstatic.com/_/freebird/_/js/k=freebird.v.be.Bb9Yrnw36rU.O/d=1/ct=zgms/rs=AMjVe6gtBePs_Cx7aa9C1Goynrc_NCujAg/m=viewer_base line 61 > eval, line 6: ReferenceError: chrome is not defined
1607890929406	Marionette	INFO	Stopped listening on port 46687
1607890938597	geckodriver	INFO	Listening on 127.0.0.1:43233
1607890938604	mozrunner::runner	INFO	Running command: "/usr/bin/firefox" "--marionette" "-foreground" "-no-remote" "-profile" "/tmp/rust_mozprofileciHa3a"
console.warn: SearchSettings: "get: No settings file exists, new profile?" (new Error("", "(unknown module)"))
1607890941474	Marionette	INFO	Listening on port 34363
1607890941545	Marionette	WARN	TLS certificate errors will be ignored for this session
JavaScript error: https://www.gstatic.com/_/freebird/_/js/k=freebird.v.be.Bb9Yrnw36rU.O/d=1/ct=zgms/rs=AMjVe6gtBePs_Cx7aa9C1Goynrc_NCujAg/m=viewer_base line 61 > eval, line 6: ReferenceError: chrome is not defined
1607890957805	Marionette	INFO	Stopped listening on port 34363
1607890982811	geckodriver	INFO	Listening on 127.0.0.1:41253
1607890982817	mozrunner::runner	INFO	Running command: "/usr/bin/firefox" "--marionette" "-foreground" "-no-remote" "-profile" "/tmp/rust_mozprofileIg7wi7"
console.warn: SearchSettings: "get: No settings file exists, new profile?" (new Error("", "(unknown module)"))
1607890985431	Marionette	INFO	Listening on port 33515
1607890985553	Marionette	WARN	TLS certificate errors will be ignored for this session
1607890994817	Marionette	INFO	Stopped listening on port 33515
1607891128190	geckodriver	INFO	Listening on 127.0.0.1:56955
1607891128196	mozrunner::runner	INFO	Running command: "/usr/bin/firefox" "--marionette" "-foreground" "-no-remote" "-profile" "/tmp/rust_mozprofilettnSjB"
console.warn: SearchSettings: "get: No settings file exists, new profile?" (new Error("", "(unknown module)"))
1607891131099	Marionette	INFO	Listening on port 36105
1607891131131	Marionette	WARN	TLS certificate errors will be ignored for this session
1607891147708	Marionette	INFO	Stopped listening on port 36105
1607891417019	geckodriver	INFO	Listening on 127.0.0.1:36057
1607891417025	mozrunner::runner	INFO	Running command: "/usr/bin/firefox" "--marionette" "--headless" "-foreground" "-no-remote" "-profile" "/tmp/rust_mozprofileDxJXwa"
*** You are running in headless mode.
console.warn: SearchSettings: "get: No settings file exists, new profile?" (new Error("", "(unknown module)"))
1607891419565	Marionette	INFO	Listening on port 44357
1607891419658	Marionette	WARN	TLS certificate errors will be ignored for this session
JavaScript warning: https://mc.yandex.ru/metrika/tag.js, line 404: WebGL warning: <Create>: Can't use WebGL in headless mode (https://bugzil.la/1375585).
JavaScript warning: https://mc.yandex.ru/metrika/tag.js, line 404: Failed to create WebGL context: WebGL creation failed: 
* Can't use WebGL in headless mode (https://bugzil.la/1375585).
JavaScript warning: https://pagead2.googlesyndication.com/bg/UBVKjIgL52oAupqoau5bmS4QFq3D8gEqQe5TpWWG23I.js line 1 > eval line 3967 > eval, line 1: WebGL warning: <Create>: Can't use WebGL in headless mode (https://bugzil.la/1375585).
JavaScript warning: https://pagead2.googlesyndication.com/bg/UBVKjIgL52oAupqoau5bmS4QFq3D8gEqQe5TpWWG23I.js line 1 > eval line 3967 > eval, line 1: Failed to create WebGL context: WebGL creation failed: 
* Can't use WebGL in headless mode (https://bugzil.la/1375585).
1607891577681	geckodriver	INFO	Listening on 127.0.0.1:56187
1607891577687	mozrunner::runner	INFO	Running command: "/usr/bin/firefox" "--marionette" "--headless" "-foreground" "-no-remote" "-profile" "/tmp/rust_mozprofileCdV93T"
*** You are running in headless mode.
console.warn: SearchSettings: "get: No settings file exists, new profile?" (new Error("", "(unknown module)"))
1607891580012	Marionette	INFO	Listening on port 37479
1607891580117	Marionette	WARN	TLS certificate errors will be ignored for this session
JavaScript warning: https://mc.yandex.ru/metrika/tag.js, line 404: WebGL warning: <Create>: Can't use WebGL in headless mode (https://bugzil.la/1375585).
JavaScript warning: https://mc.yandex.ru/metrika/tag.js, line 404: Failed to create WebGL context: WebGL creation failed: 
* Can't use WebGL in headless mode (https://bugzil.la/1375585).
JavaScript warning: https://pagead2.googlesyndication.com/bg/UBVKjIgL52oAupqoau5bmS4QFq3D8gEqQe5TpWWG23I.js line 1 > eval line 3776 > eval, line 1: WebGL warning: <Create>: Can't use WebGL in headless mode (https://bugzil.la/1375585).
JavaScript warning: https://pagead2.googlesyndication.com/bg/UBVKjIgL52oAupqoau5bmS4QFq3D8gEqQe5TpWWG23I.js line 1 > eval line 3776 > eval, line 1: Failed to create WebGL context: WebGL creation failed: 
* Can't use WebGL in headless mode (https://bugzil.la/1375585).
1607891764142	geckodriver	INFO	Listening on 127.0.0.1:35307
1607891764150	mozrunner::runner	INFO	Running command: "/usr/bin/firefox" "--marionette" "--headless" "-foreground" "-no-remote" "-profile" "/tmp/rust_mozprofile1Vpm9S"
*** You are running in headless mode.
console.warn: SearchSettings: "get: No settings file exists, new profile?" (new Error("", "(unknown module)"))
1607891766653	Marionette	INFO	Listening on port 44043
1607891766701	Marionette	WARN	TLS certificate errors will be ignored for this session
JavaScript warning: https://mc.yandex.ru/metrika/tag.js, line 404: WebGL warning: <Create>: Can't use WebGL in headless mode (https://bugzil.la/1375585).
JavaScript warning: https://mc.yandex.ru/metrika/tag.js, line 404: Failed to create WebGL context: WebGL creation failed: 
* Can't use WebGL in headless mode (https://bugzil.la/1375585).
JavaScript warning: https://pagead2.googlesyndication.com/bg/PbZvCEkorD5rxjWOexle1_regFmuc5-vrUA2zacPm4s.js line 1 > eval line 7602 > eval, line 1: WebGL warning: <Create>: Can't use WebGL in headless mode (https://bugzil.la/1375585).
JavaScript warning: https://pagead2.googlesyndication.com/bg/PbZvCEkorD5rxjWOexle1_regFmuc5-vrUA2zacPm4s.js line 1 > eval line 7602 > eval, line 1: Failed to create WebGL context: WebGL creation failed: 
* Can't use WebGL in headless mode (https://bugzil.la/1375585).
JavaScript error: https://www.gstatic.com/_/freebird/_/js/k=freebird.v.be.Bb9Yrnw36rU.O/d=1/ct=zgms/rs=AMjVe6gtBePs_Cx7aa9C1Goynrc_NCujAg/m=viewer_base line 61 > eval, line 6: ReferenceError: chrome is not defined
JavaScript error: https://www.gstatic.com/_/freebird/_/js/k=freebird.v.be.Bb9Yrnw36rU.O/d=1/ct=zgms/rs=AMjVe6gtBePs_Cx7aa9C1Goynrc_NCujAg/m=viewer_base line 61 > eval, line 6: ReferenceError: chrome is not defined
JavaScript error: https://www.gstatic.com/_/freebird/_/js/k=freebird.v.be.Bb9Yrnw36rU.O/d=1/ct=zgms/rs=AMjVe6gtBePs_Cx7aa9C1Goynrc_NCujAg/m=viewer_base line 61 > eval, line 6: ReferenceError: chrome is not defined
JavaScript error: https://www.gstatic.com/_/freebird/_/js/k=freebird.v.be.Bb9Yrnw36rU.O/d=1/ct=zgms/rs=AMjVe6gtBePs_Cx7aa9C1Goynrc_NCujAg/m=viewer_base line 61 > eval, line 6: ReferenceError: chrome is not defined
JavaScript error: https://www.gstatic.com/_/freebird/_/js/k=freebird.v.be.Bb9Yrnw36rU.O/d=1/ct=zgms/rs=AMjVe6gtBePs_Cx7aa9C1Goynrc_NCujAg/m=viewer_base line 61 > eval, line 6: ReferenceError: chrome is not defined
JavaScript error: https://www.gstatic.com/_/freebird/_/js/k=freebird.v.be.Bb9Yrnw36rU.O/d=1/ct=zgms/rs=AMjVe6gtBePs_Cx7aa9C1Goynrc_NCujAg/m=viewer_base line 61 > eval, line 6: ReferenceError: chrome is not defined
JavaScript error: https://www.gstatic.com/_/freebird/_/js/k=freebird.v.be.Bb9Yrnw36rU.O/d=1/ct=zgms/rs=AMjVe6gtBePs_Cx7aa9C1Goynrc_NCujAg/m=viewer_base line 61 > eval, line 6: ReferenceError: chrome is not defined
JavaScript error: https://www.gstatic.com/_/freebird/_/js/k=freebird.v.be.Bb9Yrnw36rU.O/d=1/ct=zgms/rs=AMjVe6gtBePs_Cx7aa9C1Goynrc_NCujAg/m=viewer_base line 61 > eval, line 6: ReferenceError: chrome is not defined
JavaScript error: https://www.gstatic.com/_/freebird/_/js/k=freebird.v.be.Bb9Yrnw36rU.O/d=1/ct=zgms/rs=AMjVe6gtBePs_Cx7aa9C1Goynrc_NCujAg/m=viewer_base line 61 > eval, line 6: ReferenceError: chrome is not defined
JavaScript error: https://www.gstatic.com/_/freebird/_/js/k=freebird.v.be.Bb9Yrnw36rU.O/d=1/ct=zgms/rs=AMjVe6gtBePs_Cx7aa9C1Goynrc_NCujAg/m=viewer_base line 61 > eval, line 6: ReferenceError: chrome is not defined
JavaScript error: https://www.gstatic.com/_/freebird/_/js/k=freebird.v.be.Bb9Yrnw36rU.O/d=1/ct=zgms/rs=AMjVe6gtBePs_Cx7aa9C1Goynrc_NCujAg/m=viewer_base line 61 > eval, line 6: ReferenceError: chrome is not defined
JavaScript error: https://www.gstatic.com/_/freebird/_/js/k=freebird.v.be.Bb9Yrnw36rU.O/d=1/ct=zgms/rs=AMjVe6gtBePs_Cx7aa9C1Goynrc_NCujAg/m=viewer_base line 61 > eval, line 6: ReferenceError: chrome is not defined
Exiting due to channel error.
Exiting due to channel error.
Exiting due to channel error.
1607891966887	geckodriver	INFO	Listening on 127.0.0.1:40717
1607891966895	mozrunner::runner	INFO	Running command: "/usr/bin/firefox" "--marionette" "-foreground" "-no-remote" "-profile" "/tmp/rust_mozprofiletQyvgk"
console.warn: SearchSettings: "get: No settings file exists, new profile?" (new Error("", "(unknown module)"))
1607891969624	Marionette	INFO	Listening on port 36769
1607891969728	Marionette	WARN	TLS certificate errors will be ignored for this session
1607891982946	Marionette	INFO	Stopped listening on port 36769
1607892211662	geckodriver	INFO	Listening on 127.0.0.1:60581
1607892211668	mozrunner::runner	INFO	Running command: "/usr/bin/firefox" "--marionette" "--headless" "-foreground" "-no-remote" "-profile" "/tmp/rust_mozprofilejUR8XK"
*** You are running in headless mode.
console.warn: SearchSettings: "get: No settings file exists, new profile?" (new Error("", "(unknown module)"))
1607892213968	Marionette	INFO	Listening on port 46103
1607892214022	Marionette	WARN	TLS certificate errors will be ignored for this session
JavaScript warning: https://mc.yandex.ru/metrika/tag.js, line 404: WebGL warning: <Create>: Can't use WebGL in headless mode (https://bugzil.la/1375585).
JavaScript warning: https://mc.yandex.ru/metrika/tag.js, line 404: Failed to create WebGL context: WebGL creation failed: 
* Can't use WebGL in headless mode (https://bugzil.la/1375585).
JavaScript warning: https://pagead2.googlesyndication.com/bg/UBVKjIgL52oAupqoau5bmS4QFq3D8gEqQe5TpWWG23I.js line 1 > eval line 4617 > eval line 1 > eval, line 1: WebGL warning: <Create>: Can't use WebGL in headless mode (https://bugzil.la/1375585).
JavaScript warning: https://pagead2.googlesyndication.com/bg/UBVKjIgL52oAupqoau5bmS4QFq3D8gEqQe5TpWWG23I.js line 1 > eval line 4617 > eval line 1 > eval, line 1: Failed to create WebGL context: WebGL creation failed: 
* Can't use WebGL in headless mode (https://bugzil.la/1375585).
JavaScript error: https://www.gstatic.com/_/freebird/_/js/k=freebird.v.be.Bb9Yrnw36rU.O/d=1/ct=zgms/rs=AMjVe6gtBePs_Cx7aa9C1Goynrc_NCujAg/m=viewer_base line 61 > eval, line 6: ReferenceError: chrome is not defined
JavaScript error: https://www.gstatic.com/_/freebird/_/js/k=freebird.v.be.Bb9Yrnw36rU.O/d=1/ct=zgms/rs=AMjVe6gtBePs_Cx7aa9C1Goynrc_NCujAg/m=viewer_base line 61 > eval, line 6: ReferenceError: chrome is not defined
JavaScript error: https://www.gstatic.com/_/freebird/_/js/k=freebird.v.be.Bb9Yrnw36rU.O/d=1/ct=zgms/rs=AMjVe6gtBePs_Cx7aa9C1Goynrc_NCujAg/m=viewer_base line 61 > eval, line 6: ReferenceError: chrome is not defined
JavaScript error: https://www.gstatic.com/_/freebird/_/js/k=freebird.v.be.Bb9Yrnw36rU.O/d=1/ct=zgms/rs=AMjVe6gtBePs_Cx7aa9C1Goynrc_NCujAg/m=viewer_base line 61 > eval, line 6: ReferenceError: chrome is not defined
JavaScript error: https://www.gstatic.com/_/freebird/_/js/k=freebird.v.be.Bb9Yrnw36rU.O/d=1/ct=zgms/rs=AMjVe6gtBePs_Cx7aa9C1Goynrc_NCujAg/m=viewer_base line 61 > eval, line 6: ReferenceError: chrome is not defined
JavaScript error: https://www.gstatic.com/_/freebird/_/js/k=freebird.v.be.Bb9Yrnw36rU.O/d=1/ct=zgms/rs=AMjVe6gtBePs_Cx7aa9C1Goynrc_NCujAg/m=viewer_base line 61 > eval, line 6: ReferenceError: chrome is not defined
JavaScript error: https://www.gstatic.com/_/freebird/_/js/k=freebird.v.be.Bb9Yrnw36rU.O/d=1/ct=zgms/rs=AMjVe6gtBePs_Cx7aa9C1Goynrc_NCujAg/m=viewer_base line 61 > eval, line 6: ReferenceError: chrome is not defined
JavaScript error: https://www.gstatic.com/_/freebird/_/js/k=freebird.v.be.Bb9Yrnw36rU.O/d=1/ct=zgms/rs=AMjVe6gtBePs_Cx7aa9C1Goynrc_NCujAg/m=viewer_base line 61 > eval, line 6: ReferenceError: chrome is not defined
JavaScript error: https://www.gstatic.com/_/freebird/_/js/k=freebird.v.be.Bb9Yrnw36rU.O/d=1/ct=zgms/rs=AMjVe6gtBePs_Cx7aa9C1Goynrc_NCujAg/m=viewer_base line 61 > eval, line 6: ReferenceError: chrome is not defined
JavaScript error: https://www.gstatic.com/_/freebird/_/js/k=freebird.v.be.Bb9Yrnw36rU.O/d=1/ct=zgms/rs=AMjVe6gtBePs_Cx7aa9C1Goynrc_NCujAg/m=viewer_base line 61 > eval, line 6: ReferenceError: chrome is not defined
JavaScript error: https://www.gstatic.com/_/freebird/_/js/k=freebird.v.be.Bb9Yrnw36rU.O/d=1/ct=zgms/rs=AMjVe6gtBePs_Cx7aa9C1Goynrc_NCujAg/m=viewer_base line 61 > eval, line 6: ReferenceError: chrome is not defined
JavaScript error: https://www.gstatic.com/_/freebird/_/js/k=freebird.v.be.Bb9Yrnw36rU.O/d=1/ct=zgms/rs=AMjVe6gtBePs_Cx7aa9C1Goynrc_NCujAg/m=viewer_base line 61 > eval, line 6: ReferenceError: chrome is not defined
JavaScript error: https://www.gstatic.com/_/freebird/_/js/k=freebird.v.be.Bb9Yrnw36rU.O/d=1/ct=zgms/rs=AMjVe6gtBePs_Cx7aa9C1Goynrc_NCujAg/m=viewer_base line 61 > eval, line 6: ReferenceError: chrome is not defined
JavaScript error: https://www.gstatic.com/_/freebird/_/js/k=freebird.v.be.Bb9Yrnw36rU.O/d=1/ct=zgms/rs=AMjVe6gtBePs_Cx7aa9C1Goynrc_NCujAg/m=viewer_base line 61 > eval, line 6: ReferenceError: chrome is not defined
JavaScript error: https://www.gstatic.com/_/freebird/_/js/k=freebird.v.be.Bb9Yrnw36rU.O/d=1/ct=zgms/rs=AMjVe6gtBePs_Cx7aa9C1Goynrc_NCujAg/m=viewer_base line 61 > eval, line 6: ReferenceError: chrome is not defined
JavaScript error: https://www.gstatic.com/_/freebird/_/js/k=freebird.v.be.Bb9Yrnw36rU.O/d=1/ct=zgms/rs=AMjVe6gtBePs_Cx7aa9C1Goynrc_NCujAg/m=viewer_base line 61 > eval, line 6: ReferenceError: chrome is not defined
JavaScript error: https://www.gstatic.com/_/freebird/_/js/k=freebird.v.be.Bb9Yrnw36rU.O/d=1/ct=zgms/rs=AMjVe6gtBePs_Cx7aa9C1Goynrc_NCujAg/m=viewer_base line 61 > eval, line 6: ReferenceError: chrome is not defined
JavaScript error: https://www.gstatic.com/_/freebird/_/js/k=freebird.v.be.Bb9Yrnw36rU.O/d=1/ct=zgms/rs=AMjVe6gtBePs_Cx7aa9C1Goynrc_NCujAg/m=viewer_base line 61 > eval, line 6: ReferenceError: chrome is not defined
JavaScript error: https://www.gstatic.com/_/freebird/_/js/k=freebird.v.be.Bb9Yrnw36rU.O/d=1/ct=zgms/rs=AMjVe6gtBePs_Cx7aa9C1Goynrc_NCujAg/m=viewer_base line 61 > eval, line 6: ReferenceError: chrome is not defined
JavaScript error: https://www.gstatic.com/_/freebird/_/js/k=freebird.v.be.Bb9Yrnw36rU.O/d=1/ct=zgms/rs=AMjVe6gtBePs_Cx7aa9C1Goynrc_NCujAg/m=viewer_base line 61 > eval, line 6: ReferenceError: chrome is not defined
JavaScript error: https://www.gstatic.com/_/freebird/_/js/k=freebird.v.be.Bb9Yrnw36rU.O/d=1/ct=zgms/rs=AMjVe6gtBePs_Cx7aa9C1Goynrc_NCujAg/m=viewer_base line 61 > eval, line 6: ReferenceError: chrome is not defined
JavaScript error: https://www.gstatic.com/_/freebird/_/js/k=freebird.v.be.Bb9Yrnw36rU.O/d=1/ct=zgms/rs=AMjVe6gtBePs_Cx7aa9C1Goynrc_NCujAg/m=viewer_base line 61 > eval, line 6: ReferenceError: chrome is not defined
JavaScript error: https://www.gstatic.com/_/freebird/_/js/k=freebird.v.be.Bb9Yrnw36rU.O/d=1/ct=zgms/rs=AMjVe6gtBePs_Cx7aa9C1Goynrc_NCujAg/m=viewer_base line 61 > eval, line 6: ReferenceError: chrome is not defined
JavaScript error: https://www.gstatic.com/_/freebird/_/js/k=freebird.v.be.Bb9Yrnw36rU.O/d=1/ct=zgms/rs=AMjVe6gtBePs_Cx7aa9C1Goynrc_NCujAg/m=viewer_base line 61 > eval, line 6: ReferenceError: chrome is not defined
JavaScript error: https://www.gstatic.com/_/freebird/_/js/k=freebird.v.be.Bb9Yrnw36rU.O/d=1/ct=zgms/rs=AMjVe6gtBePs_Cx7aa9C1Goynrc_NCujAg/m=viewer_base line 61 > eval, line 6: ReferenceError: chrome is not defined
JavaScript error: https://www.gstatic.com/_/freebird/_/js/k=freebird.v.be.Bb9Yrnw36rU.O/d=1/ct=zgms/rs=AMjVe6gtBePs_Cx7aa9C1Goynrc_NCujAg/m=viewer_base line 61 > eval, line 6: ReferenceError: chrome is not defined
JavaScript error: https://www.gstatic.com/_/freebird/_/js/k=freebird.v.be.Bb9Yrnw36rU.O/d=1/ct=zgms/rs=AMjVe6gtBePs_Cx7aa9C1Goynrc_NCujAg/m=viewer_base line 61 > eval, line 6: ReferenceError: chrome is not defined
JavaScript error: https://www.gstatic.com/_/freebird/_/js/k=freebird.v.be.Bb9Yrnw36rU.O/d=1/ct=zgms/rs=AMjVe6gtBePs_Cx7aa9C1Goynrc_NCujAg/m=viewer_base line 61 > eval, line 6: ReferenceError: chrome is not defined
JavaScript error: https://www.gstatic.com/_/freebird/_/js/k=freebird.v.be.Bb9Yrnw36rU.O/d=1/ct=zgms/rs=AMjVe6gtBePs_Cx7aa9C1Goynrc_NCujAg/m=viewer_base line 61 > eval, line 6: ReferenceError: chrome is not defined
1607893056515	Marionette	INFO	Stopped listening on port 35421
Exiting due to channel error.
Exiting due to channel error.
Exiting due to channel error.
Exiting due to channel error.
Exiting due to channel error.
Exiting due to channel error.
Exiting due to channel error.
Exiting due to channel error.
Exiting due to channel error.
Exiting due to channel error.
Exiting due to channel error.
Exiting due to channel error.
Exiting due to channel error.
Exiting due to channel error.
Exiting due to channel error.
